{
  "RSpec": {
    "coverage": {
      "/Users/work/Documents/WeGotCoders/farm_fresh/app/models/farm.rb": [
        1,
        1,
        null,
        1,
        null,
        null
      ],
      "/Users/work/Documents/WeGotCoders/farm_fresh/app/models/user.rb": [
        1,
        null,
        null,
        null,
        1,
        null,
        null,
        1,
        null,
        null,
        null
      ],
      "/Users/work/Documents/WeGotCoders/farm_fresh/app/models/restaurant.rb": [
        1,
        1,
        null,
        1,
        null
      ],
      "/Users/work/Documents/WeGotCoders/farm_fresh/app/helpers/application_helper.rb": [
        1,
        null
      ],
      "/Users/work/Documents/WeGotCoders/farm_fresh/app/models/category.rb": [
        1,
        1,
        1,
        null,
        1,
        null,
        1,
        null,
        1,
        null
      ],
      "/Users/work/Documents/WeGotCoders/farm_fresh/app/models/delivery_option.rb": [
        1,
        1,
        1,
        null,
        1,
        null
      ],
      "/Users/work/Documents/WeGotCoders/farm_fresh/app/models/favourite_farm.rb": [
        1,
        1,
        1,
        null,
        1,
        null
      ],
      "/Users/work/Documents/WeGotCoders/farm_fresh/app/models/item_image.rb": [
        1,
        1,
        null,
        1,
        1,
        null
      ],
      "/Users/work/Documents/WeGotCoders/farm_fresh/app/models/item.rb": [
        1,
        1,
        1,
        1,
        null,
        1,
        1,
        null,
        1,
        1,
        null,
        3,
        3,
        null,
        1,
        null,
        1,
        20,
        20,
        null,
        null,
        1,
        1,
        1,
        null,
        null
      ],
      "/Users/work/Documents/WeGotCoders/farm_fresh/app/models/line_item.rb": [
        1,
        1,
        1,
        null,
        1,
        1,
        null
      ],
      "/Users/work/Documents/WeGotCoders/farm_fresh/app/models/order.rb": [
        1,
        1,
        1,
        1,
        null,
        1,
        1,
        null,
        1,
        1,
        null,
        1,
        1,
        1,
        null,
        1,
        null,
        1,
        7,
        null,
        7,
        null,
        null,
        null,
        1,
        13,
        null,
        null,
        1,
        2,
        1,
        1,
        null,
        1,
        null,
        null,
        null
      ],
      "/Users/work/Documents/WeGotCoders/farm_fresh/app/models/status.rb": [
        1,
        1,
        null,
        1,
        1,
        null
      ],
      "/Users/work/Documents/WeGotCoders/farm_fresh/app/controllers/categories_controller.rb": [
        0,
        0,
        0,
        0,
        0,
        0,
        0,
        0,
        0,
        0,
        0,
        0
      ],
      "/Users/work/Documents/WeGotCoders/farm_fresh/app/controllers/farms_controller.rb": [
        0,
        0,
        0,
        0,
        0,
        0,
        0
      ],
      "/Users/work/Documents/WeGotCoders/farm_fresh/app/controllers/restaurants_controller.rb": [
        0,
        0,
        0,
        0,
        0,
        0,
        0
      ]
    },
    "timestamp": 1459870736
  },
  "rails_app_": {
    "coverage": {
      "/Users/work/Documents/WeGotCoders/farm_fresh/app/models/user.rb": [
        1,
        null,
        null,
        null,
        1,
        null,
        null,
        1,
        null,
        null,
        null
      ],
      "/Users/work/Documents/WeGotCoders/farm_fresh/app/helpers/application_helper.rb": [
        1,
        null
      ],
      "/Users/work/Documents/WeGotCoders/farm_fresh/app/models/category.rb": [
        1,
        1,
        1,
        null,
        1,
        null,
        1,
        null
      ],
      "/Users/work/Documents/WeGotCoders/farm_fresh/app/models/delivery_option.rb": [
        1,
        1,
        1,
        null,
        1,
        null
      ],
      "/Users/work/Documents/WeGotCoders/farm_fresh/app/models/favourite_farm.rb": [
        1,
        1,
        1,
        null,
        1,
        null
      ],
      "/Users/work/Documents/WeGotCoders/farm_fresh/app/models/item_image.rb": [
        1,
        1,
        null,
        1,
        1,
        null
      ],
      "/Users/work/Documents/WeGotCoders/farm_fresh/app/models/item.rb": [
        1,
        1,
        1,
        1,
        null,
        1,
        1,
        null,
        1,
        1,
        null,
        3,
        3,
        null,
        1,
        null,
        1,
        20,
        20,
        null,
        null,
        1,
        1,
        1,
        null,
        null
      ],
      "/Users/work/Documents/WeGotCoders/farm_fresh/app/models/line_item.rb": [
        1,
        1,
        1,
        null,
        1,
        1,
        null
      ],
      "/Users/work/Documents/WeGotCoders/farm_fresh/app/models/order.rb": [
        1,
        1,
        1,
        1,
        null,
        1,
        1,
        null,
        1,
        1,
        null,
        1,
        1,
        1,
        null,
        1,
        null,
        1,
        7,
        null,
        7,
        null,
        null,
        null,
        1,
        13,
        null,
        null,
        1,
        2,
        1,
        1,
        null,
        1,
        null,
        null,
        null
      ],
      "/Users/work/Documents/WeGotCoders/farm_fresh/app/models/status.rb": [
        1,
        1,
        null,
        1,
        1,
        null
      ],
      "/Users/work/Documents/WeGotCoders/farm_fresh/app/models/restaurant.rb": [
        1,
        1,
        null,
        1,
        null
      ],
      "/Users/work/Documents/WeGotCoders/farm_fresh/app/models/farm.rb": [
        1,
        1,
        null,
        1,
        null,
        null
      ]
    },
    "timestamp": 1459844003
  },
  "Cucumber Features": {
    "coverage": {
      "/Users/work/Documents/WeGotCoders/farm_fresh/app/helpers/application_helper.rb": [
        1,
        null
      ],
      "/Users/work/Documents/WeGotCoders/farm_fresh/app/controllers/categories_controller.rb": [
        0,
        0,
        0,
        0,
        0,
        0,
        0,
        0,
        0,
        0,
        0,
        0,
        0
      ],
      "/Users/work/Documents/WeGotCoders/farm_fresh/app/controllers/farms_controller.rb": [
        0,
        0,
        0,
        0,
        0,
        0,
        0
      ],
      "/Users/work/Documents/WeGotCoders/farm_fresh/app/controllers/restaurants_controller.rb": [
        0,
        0,
        0,
        0,
        0,
        0,
        0
      ],
      "/Users/work/Documents/WeGotCoders/farm_fresh/app/models/category.rb": [
        0,
        0,
        0,
        0,
        0,
        0,
        0,
        0,
        0,
        0
      ],
      "/Users/work/Documents/WeGotCoders/farm_fresh/app/models/delivery_option.rb": [
        0,
        0,
        0,
        0,
        0,
        0
      ],
      "/Users/work/Documents/WeGotCoders/farm_fresh/app/models/farm.rb": [
        0,
        0,
        0,
        0,
        0,
        0
      ],
      "/Users/work/Documents/WeGotCoders/farm_fresh/app/models/favourite_farm.rb": [
        0,
        0,
        0,
        0,
        0,
        0
      ],
      "/Users/work/Documents/WeGotCoders/farm_fresh/app/models/item.rb": [
        0,
        0,
        0,
        0,
        0,
        0,
        0,
        0,
        0,
        0,
        0,
        0,
        0,
        0,
        0,
        0,
        0,
        0,
        0,
        0,
        0,
        0,
        0,
        0,
        0,
        0
      ],
      "/Users/work/Documents/WeGotCoders/farm_fresh/app/models/item_image.rb": [
        0,
        0,
        0,
        0,
        0,
        0
      ],
      "/Users/work/Documents/WeGotCoders/farm_fresh/app/models/line_item.rb": [
        0,
        0,
        0,
        0,
        0,
        0,
        0
      ],
      "/Users/work/Documents/WeGotCoders/farm_fresh/app/models/order.rb": [
        0,
        0,
        0,
        0,
        0,
        0,
        0,
        0,
        0,
        0,
        0,
        0,
        0,
        0,
        0,
        0,
        0,
        0,
        0,
        0,
        0,
        0,
        0,
        0,
        0,
        0,
        0,
        0,
        0,
        0,
        0,
        0,
        0,
        0,
        0,
        0,
        0
      ],
      "/Users/work/Documents/WeGotCoders/farm_fresh/app/models/restaurant.rb": [
        0,
        0,
        0,
        0,
        0
      ],
      "/Users/work/Documents/WeGotCoders/farm_fresh/app/models/status.rb": [
        0,
        0,
        0,
        0,
        0,
        0
      ],
      "/Users/work/Documents/WeGotCoders/farm_fresh/app/models/user.rb": [
        0,
        0,
        0,
        0,
        0,
        0,
        0,
        0,
        0,
        0,
        0
      ]
    },
    "timestamp": 1459943552
  }
}
