{
  "RSpec": {
    "coverage": {
      "/Users/work/Documents/WeGotCoders/farm_fresh/app/models/user.rb": [
        1,
        null,
        null,
        null,
        1,
        null,
        null,
        1,
        null,
        null,
        null
      ],
      "/Users/work/Documents/WeGotCoders/farm_fresh/app/helpers/application_helper.rb": [
        1,
        null
      ],
      "/Users/work/Documents/WeGotCoders/farm_fresh/app/models/category.rb": [
        1,
        1,
        1,
        null,
        1,
        null,
        1,
        null
      ],
      "/Users/work/Documents/WeGotCoders/farm_fresh/app/models/delivery_option.rb": [
        1,
        1,
        1,
        null,
        1,
        null
      ],
      "/Users/work/Documents/WeGotCoders/farm_fresh/app/models/favourite_farm.rb": [
        1,
        1,
        1,
        null,
        1,
        null
      ],
      "/Users/work/Documents/WeGotCoders/farm_fresh/app/models/item_image.rb": [
        1,
        1,
        null,
        1,
        1,
        null
      ],
      "/Users/work/Documents/WeGotCoders/farm_fresh/app/models/item.rb": [
        1,
        1,
        1,
        1,
        null,
        1,
        1,
        null,
        1,
        1,
        null,
        3,
        3,
        null,
        1,
        null,
        1,
        16,
        16,
        null,
        null,
        1,
        1,
        1,
        null,
        null
      ],
      "/Users/work/Documents/WeGotCoders/farm_fresh/app/models/line_item.rb": [
        1,
        1,
        1,
        null
      ],
      "/Users/work/Documents/WeGotCoders/farm_fresh/app/models/order.rb": [
        1,
        1,
        1,
        1,
        null,
        1,
        1,
        null,
        1,
        1,
        null,
        1,
        1,
        1,
        null,
        1,
        null,
        1,
        6,
        null,
        6,
        null,
        null,
        null,
        1,
        12,
        null,
        null,
        1,
        2,
        1,
        1,
        null,
        1,
        null,
        null,
        null
      ],
      "/Users/work/Documents/WeGotCoders/farm_fresh/app/models/order_status.rb": [
        1,
        null
      ],
      "/Users/work/Documents/WeGotCoders/farm_fresh/app/models/status.rb": [
        1,
        null
      ],
      "/Users/work/Documents/WeGotCoders/farm_fresh/app/models/restaurant.rb": [
        1,
        1,
        null,
        1,
        null
      ],
      "/Users/work/Documents/WeGotCoders/farm_fresh/app/models/farm.rb": [
        1,
        1,
        null,
        1,
        null,
        null
      ]
    },
    "timestamp": 1459805257
  }
}
